<?xml version="1.0" encoding="UTF-8"?>
<testsuite name="TestPrint" tests="1" skipped="0" failures="0" errors="0" timestamp="2016-07-15T02:56:04" hostname="izzy-Rev-1-0" time="0.004">
  <properties/>
  <testcase name="printListInfo" classname="TestPrint" time="0.004"/>
  <system-out><![CDATA[]]></system-out>
  <system-err><![CDATA[]]></system-err>
</testsuite>
