<?xml version="1.0" encoding="UTF-8"?>
<testsuite name="Test" tests="6" skipped="0" failures="0" errors="0" timestamp="2016-07-15T02:56:04" hostname="izzy-Rev-1-0" time="0.028">
  <properties/>
  <testcase name="should_return_totallfee_apple" classname="Test" time="0.007"/>
  <testcase name="should_return_discountfee_badminton" classname="Test" time="0.001"/>
  <testcase name="should_return_totallfee_badminton" classname="Test" time="0.001"/>
  <testcase name="should_return_discountfee_cocola" classname="Test" time="0.006"/>
  <testcase name="should_return_discountfee_apple" classname="Test" time="0.0"/>
  <testcase name="should_return_totallfee_cocola" classname="Test" time="0.0"/>
  <system-out><![CDATA[]]></system-out>
  <system-err><![CDATA[]]></system-err>
</testsuite>
